  Renderer.cpp
C:\Users\shani\Documents\semester7\CG\CG_skel_w_MFC\Renderer.cpp(60,46): warning C4244: '=': conversion from 'int' to 'float', possible loss of data
C:\Users\shani\Documents\semester7\CG\CG_skel_w_MFC\Renderer.cpp(61,46): warning C4244: '=': conversion from 'int' to 'float', possible loss of data
C:\Users\shani\Documents\semester7\CG\CG_skel_w_MFC\Renderer.cpp(62,46): warning C4244: '=': conversion from 'int' to 'float', possible loss of data
C:\Users\shani\Documents\semester7\CG\CG_skel_w_MFC\Renderer.cpp(157,12): warning C4244: 'initializing': conversion from 'GLfloat' to 'int', possible loss of data
C:\Users\shani\Documents\semester7\CG\CG_skel_w_MFC\Renderer.cpp(158,12): warning C4244: 'initializing': conversion from 'GLfloat' to 'int', possible loss of data
C:\Users\shani\Documents\semester7\CG\CG_skel_w_MFC\Renderer.cpp(159,12): warning C4244: 'initializing': conversion from 'GLfloat' to 'int', possible loss of data
C:\Users\shani\Documents\semester7\CG\CG_skel_w_MFC\Renderer.cpp(160,12): warning C4244: 'initializing': conversion from 'GLfloat' to 'int', possible loss of data
C:\Users\shani\Documents\semester7\CG\CG_skel_w_MFC\Renderer.cpp(178,20): warning C4018: '<': signed/unsigned mismatch
C:\Users\shani\Documents\semester7\CG\CG_skel_w_MFC\Renderer.cpp(183,29): warning C4244: 'argument': conversion from 'GLfloat' to 'int', possible loss of data
C:\Users\shani\Documents\semester7\CG\CG_skel_w_MFC\Renderer.cpp(183,26): warning C4244: 'argument': conversion from 'GLfloat' to 'int', possible loss of data
C:\Users\shani\Documents\semester7\CG\CG_skel_w_MFC\Renderer.cpp(183,21): warning C4244: 'argument': conversion from 'GLfloat' to 'int', possible loss of data
C:\Users\shani\Documents\semester7\CG\CG_skel_w_MFC\Renderer.cpp(183,14): warning C4244: 'argument': conversion from 'GLfloat' to 'int', possible loss of data
C:\Users\shani\Documents\semester7\CG\CG_skel_w_MFC\Renderer.cpp(184,27): warning C4244: 'argument': conversion from 'GLfloat' to 'int', possible loss of data
C:\Users\shani\Documents\semester7\CG\CG_skel_w_MFC\Renderer.cpp(184,20): warning C4244: 'argument': conversion from 'GLfloat' to 'int', possible loss of data
C:\Users\shani\Documents\semester7\CG\CG_skel_w_MFC\Renderer.cpp(184,15): warning C4244: 'argument': conversion from 'GLfloat' to 'int', possible loss of data
C:\Users\shani\Documents\semester7\CG\CG_skel_w_MFC\Renderer.cpp(184,12): warning C4244: 'argument': conversion from 'GLfloat' to 'int', possible loss of data
C:\Users\shani\Documents\semester7\CG\CG_skel_w_MFC\Renderer.cpp(199,60): warning C4305: 'argument': truncation from 'double' to 'const GLfloat'
C:\Users\shani\Documents\semester7\CG\CG_skel_w_MFC\Renderer.cpp(219,32): warning C4244: 'argument': conversion from 'GLfloat' to 'int', possible loss of data
C:\Users\shani\Documents\semester7\CG\CG_skel_w_MFC\Renderer.cpp(219,28): warning C4244: 'argument': conversion from 'GLfloat' to 'int', possible loss of data
C:\Users\shani\Documents\semester7\CG\CG_skel_w_MFC\Renderer.cpp(219,21): warning C4244: 'argument': conversion from 'GLfloat' to 'int', possible loss of data
C:\Users\shani\Documents\semester7\CG\CG_skel_w_MFC\Renderer.cpp(219,17): warning C4244: 'argument': conversion from 'GLfloat' to 'int', possible loss of data
C:\Users\shani\Documents\semester7\CG\CG_skel_w_MFC\Renderer.cpp(225,33): warning C4244: 'argument': conversion from 'GLfloat' to 'int', possible loss of data
C:\Users\shani\Documents\semester7\CG\CG_skel_w_MFC\Renderer.cpp(225,27): warning C4244: 'argument': conversion from 'GLfloat' to 'int', possible loss of data
C:\Users\shani\Documents\semester7\CG\CG_skel_w_MFC\Renderer.cpp(225,21): warning C4244: 'argument': conversion from 'GLfloat' to 'int', possible loss of data
C:\Users\shani\Documents\semester7\CG\CG_skel_w_MFC\Renderer.cpp(225,15): warning C4244: 'argument': conversion from 'GLfloat' to 'int', possible loss of data
C:\Users\shani\Documents\semester7\CG\CG_skel_w_MFC\Renderer.cpp(226,33): warning C4244: 'argument': conversion from 'GLfloat' to 'int', possible loss of data
C:\Users\shani\Documents\semester7\CG\CG_skel_w_MFC\Renderer.cpp(226,27): warning C4244: 'argument': conversion from 'GLfloat' to 'int', possible loss of data
C:\Users\shani\Documents\semester7\CG\CG_skel_w_MFC\Renderer.cpp(226,21): warning C4244: 'argument': conversion from 'GLfloat' to 'int', possible loss of data
C:\Users\shani\Documents\semester7\CG\CG_skel_w_MFC\Renderer.cpp(226,15): warning C4244: 'argument': conversion from 'GLfloat' to 'int', possible loss of data
C:\Users\shani\Documents\semester7\CG\CG_skel_w_MFC\Renderer.cpp(227,33): warning C4244: 'argument': conversion from 'GLfloat' to 'int', possible loss of data
C:\Users\shani\Documents\semester7\CG\CG_skel_w_MFC\Renderer.cpp(227,27): warning C4244: 'argument': conversion from 'GLfloat' to 'int', possible loss of data
C:\Users\shani\Documents\semester7\CG\CG_skel_w_MFC\Renderer.cpp(227,21): warning C4244: 'argument': conversion from 'GLfloat' to 'int', possible loss of data
C:\Users\shani\Documents\semester7\CG\CG_skel_w_MFC\Renderer.cpp(227,15): warning C4244: 'argument': conversion from 'GLfloat' to 'int', possible loss of data
C:\Users\shani\Documents\semester7\CG\CG_skel_w_MFC\Renderer.cpp(246,29): warning C4244: 'argument': conversion from 'GLfloat' to 'int', possible loss of data
C:\Users\shani\Documents\semester7\CG\CG_skel_w_MFC\Renderer.cpp(246,24): warning C4244: 'argument': conversion from 'GLfloat' to 'int', possible loss of data
C:\Users\shani\Documents\semester7\CG\CG_skel_w_MFC\Renderer.cpp(246,19): warning C4244: 'argument': conversion from 'GLfloat' to 'int', possible loss of data
C:\Users\shani\Documents\semester7\CG\CG_skel_w_MFC\Renderer.cpp(246,14): warning C4244: 'argument': conversion from 'GLfloat' to 'int', possible loss of data
C:\Users\shani\Documents\semester7\CG\CG_skel_w_MFC\Renderer.cpp(251,25): warning C4018: '<': signed/unsigned mismatch
C:\Users\shani\Documents\semester7\CG\CG_skel_w_MFC\Renderer.cpp(267,33): warning C4244: 'argument': conversion from 'GLfloat' to 'int', possible loss of data
C:\Users\shani\Documents\semester7\CG\CG_skel_w_MFC\Renderer.cpp(267,27): warning C4244: 'argument': conversion from 'GLfloat' to 'int', possible loss of data
C:\Users\shani\Documents\semester7\CG\CG_skel_w_MFC\Renderer.cpp(267,21): warning C4244: 'argument': conversion from 'GLfloat' to 'int', possible loss of data
C:\Users\shani\Documents\semester7\CG\CG_skel_w_MFC\Renderer.cpp(267,15): warning C4244: 'argument': conversion from 'GLfloat' to 'int', possible loss of data
C:\Users\shani\Documents\semester7\CG\CG_skel_w_MFC\Renderer.cpp(268,33): warning C4244: 'argument': conversion from 'GLfloat' to 'int', possible loss of data
C:\Users\shani\Documents\semester7\CG\CG_skel_w_MFC\Renderer.cpp(268,27): warning C4244: 'argument': conversion from 'GLfloat' to 'int', possible loss of data
C:\Users\shani\Documents\semester7\CG\CG_skel_w_MFC\Renderer.cpp(268,21): warning C4244: 'argument': conversion from 'GLfloat' to 'int', possible loss of data
C:\Users\shani\Documents\semester7\CG\CG_skel_w_MFC\Renderer.cpp(268,15): warning C4244: 'argument': conversion from 'GLfloat' to 'int', possible loss of data
C:\Users\shani\Documents\semester7\CG\CG_skel_w_MFC\Renderer.cpp(269,33): warning C4244: 'argument': conversion from 'GLfloat' to 'int', possible loss of data
C:\Users\shani\Documents\semester7\CG\CG_skel_w_MFC\Renderer.cpp(269,27): warning C4244: 'argument': conversion from 'GLfloat' to 'int', possible loss of data
C:\Users\shani\Documents\semester7\CG\CG_skel_w_MFC\Renderer.cpp(269,21): warning C4244: 'argument': conversion from 'GLfloat' to 'int', possible loss of data
C:\Users\shani\Documents\semester7\CG\CG_skel_w_MFC\Renderer.cpp(269,15): warning C4244: 'argument': conversion from 'GLfloat' to 'int', possible loss of data
C:\Users\shani\Documents\semester7\CG\CG_skel_w_MFC\Renderer.cpp(382,29): warning C4244: '=': conversion from 'int' to 'GLfloat', possible loss of data
C:\Users\shani\Documents\semester7\CG\CG_skel_w_MFC\Renderer.cpp(383,30): warning C4244: '=': conversion from 'int' to 'GLfloat', possible loss of data
C:\Users\shani\Documents\semester7\CG\CG_skel_w_MFC\Renderer.cpp(384,29): warning C4244: '=': conversion from 'int' to 'GLfloat', possible loss of data
C:\Users\shani\Documents\semester7\CG\CG_skel_w_MFC\Renderer.cpp(385,30): warning C4244: '=': conversion from 'int' to 'GLfloat', possible loss of data
LINK : warning LNK4098: defaultlib 'MSVCRT' conflicts with use of other libs; use /NODEFAULTLIB:library
  Generating code
  2 of 1119 functions ( 0.2%) were compiled, the rest were copied from previous compilation.
    0 functions were new in current compilation
    4 functions had inline decision re-evaluated but remain unchanged
  Finished generating code
  CG_skel_w_MFC.vcxproj -> C:\Users\shani\Documents\semester7\CG\Release\CG_skel_w_MFC.exe
