c:\users\etl\desktop\hw\graphic\cg_skel_2019\10\cg-cg1\cg\release\cg_skel_w_mfc.ipdb
c:\users\etl\desktop\hw\graphic\cg_skel_2019\10\cg-cg1\cg\release\cg_skel_w_mfc.iobj
c:\users\etl\desktop\hw\graphic\cg_skel_2019\10\cg-cg1\cg\cg_skel_w_mfc\release\cg_skel_w_mfc.pch
c:\users\etl\desktop\hw\graphic\cg_skel_2019\10\cg-cg1\cg\cg_skel_w_mfc\release\vc142.pdb
c:\users\etl\desktop\hw\graphic\cg_skel_2019\10\cg-cg1\cg\cg_skel_w_mfc\release\stdafx.obj
c:\users\etl\desktop\hw\graphic\cg_skel_2019\10\cg-cg1\cg\cg_skel_w_mfc\release\scene.obj
c:\users\etl\desktop\hw\graphic\cg_skel_2019\10\cg-cg1\cg\cg_skel_w_mfc\release\renderer.obj
c:\users\etl\desktop\hw\graphic\cg_skel_2019\10\cg-cg1\cg\cg_skel_w_mfc\release\meshmodel.obj
c:\users\etl\desktop\hw\graphic\cg_skel_2019\10\cg-cg1\cg\cg_skel_w_mfc\release\inputdialog.obj
c:\users\etl\desktop\hw\graphic\cg_skel_2019\10\cg-cg1\cg\cg_skel_w_mfc\release\initshader.obj
c:\users\etl\desktop\hw\graphic\cg_skel_2019\10\cg-cg1\cg\cg_skel_w_mfc\release\cg_skel_w_mfc.obj
c:\users\etl\desktop\hw\graphic\cg_skel_2019\10\cg-cg1\cg\release\cg_skel_w_mfc.exe
c:\users\etl\desktop\hw\graphic\cg_skel_2019\10\cg-cg1\cg\cg_skel_w_mfc\release\cg_skel_w_mfc.res
c:\users\etl\desktop\hw\graphic\cg_skel_2019\10\cg-cg1\cg\cg_skel_w_mfc\release\cg_skel_w_mfc.tlog\cg_skel_w_mfc.write.1u.tlog
c:\users\etl\desktop\hw\graphic\cg_skel_2019\10\cg-cg1\cg\cg_skel_w_mfc\release\cg_skel_w_mfc.tlog\cl.command.1.tlog
c:\users\etl\desktop\hw\graphic\cg_skel_2019\10\cg-cg1\cg\cg_skel_w_mfc\release\cg_skel_w_mfc.tlog\cl.read.1.tlog
c:\users\etl\desktop\hw\graphic\cg_skel_2019\10\cg-cg1\cg\cg_skel_w_mfc\release\cg_skel_w_mfc.tlog\cl.write.1.tlog
c:\users\etl\desktop\hw\graphic\cg_skel_2019\10\cg-cg1\cg\cg_skel_w_mfc\release\cg_skel_w_mfc.tlog\link.command.1.tlog
c:\users\etl\desktop\hw\graphic\cg_skel_2019\10\cg-cg1\cg\cg_skel_w_mfc\release\cg_skel_w_mfc.tlog\link.read.1.tlog
c:\users\etl\desktop\hw\graphic\cg_skel_2019\10\cg-cg1\cg\cg_skel_w_mfc\release\cg_skel_w_mfc.tlog\link.write.1.tlog
c:\users\etl\desktop\hw\graphic\cg_skel_2019\10\cg-cg1\cg\cg_skel_w_mfc\release\cg_skel_w_mfc.tlog\rc.command.1.tlog
c:\users\etl\desktop\hw\graphic\cg_skel_2019\10\cg-cg1\cg\cg_skel_w_mfc\release\cg_skel_w_mfc.tlog\rc.read.1.tlog
c:\users\etl\desktop\hw\graphic\cg_skel_2019\10\cg-cg1\cg\cg_skel_w_mfc\release\cg_skel_w_mfc.tlog\rc.write.1.tlog
